<?xml version="1.0" encoding="UTF-8"?>
<!-- Generated by org.testng.reporters.JUnitReportReporter -->
<testsuite skipped="1" hostname="A2ML32586" name="Test_Classes.Test_Class1" tests="2" failures="0" timestamp="31 Dec 2019 11:24:48 GMT" time="11.257" errors="0">
  <testcase name="testInIE" time="11.257" classname="Test_Classes.Test_Class1"/>
  <testcase name="testInChrome" classname="Test_Classes.Test_Class1">
    <skipped/>
  </testcase> <!-- testInChrome -->
</testsuite> <!-- Test_Classes.Test_Class1 -->
