<?xml version="1.0" encoding="UTF-8"?>
<!-- Generated by org.testng.reporters.JUnitReportReporter -->
<testsuite skipped="0" hostname="mohit-PC" name="Com.Test_Classes.ReadTheDataDynamicallyFromWebTable" tests="6" failures="0" timestamp="14 Feb 2021 18:28:41 GMT" time="149.254" errors="0">
  <testcase name="fetchTheData" time="13.574" classname="Com.Test_Classes.ReadTheDataDynamicallyFromWebTable"/>
  <testcase name="homeButton" time="22.565" classname="Com.Test_Classes.ReadTheDataDynamicallyFromWebTable"/>
  <testcase name="homeButton" time="20.068" classname="Com.Test_Classes.ReadTheDataDynamicallyFromWebTable"/>
  <testcase name="fetchTheData" time="15.558" classname="Com.Test_Classes.ReadTheDataDynamicallyFromWebTable"/>
  <testcase name="homeButton" time="46.340" classname="Com.Test_Classes.ReadTheDataDynamicallyFromWebTable"/>
  <testcase name="fetchTheData" time="31.149" classname="Com.Test_Classes.ReadTheDataDynamicallyFromWebTable"/>
</testsuite> <!-- Com.Test_Classes.ReadTheDataDynamicallyFromWebTable -->
