<?xml version="1.0" encoding="UTF-8"?>
<!-- Generated by org.testng.reporters.JUnitReportReporter -->
<testsuite skipped="0" hostname="A2ML32586" name="Com.Test_Classes.Upload_File_Test" tests="2" failures="0" timestamp="19 Jan 2020 16:31:31 GMT" time="13.407" errors="0">
  <testcase name="fileUploadTest" time="5.448" classname="Com.Test_Classes.Upload_File_Test"/>
  <testcase name="fileUploadTest" time="7.959" classname="Com.Test_Classes.Upload_File_Test"/>
</testsuite> <!-- Com.Test_Classes.Upload_File_Test -->
